{"/Users/adanane/work/projects/tax-calculator/src/App.tsx": {"path":"/Users/adanane/work/projects/tax-calculator/src/App.tsx","statementMap":{"0":{"start":{"line":1,"column":0},"end":{"line":1,"column":39}},"1":{"start":{"line":2,"column":0},"end":{"line":2,"column":92}},"2":{"start":{"line":3,"column":0},"end":{"line":3,"column":86}},"3":{"start":{"line":4,"column":0},"end":{"line":4,"column":89}},"4":{"start":{"line":5,"column":0},"end":{"line":5,"column":79}},"5":{"start":{"line":8,"column":4},"end":{"line":15,"column":6}},"6":{"start":{"line":18,"column":0},"end":{"line":18,"column":19}}},"fnMap":{"0":{"name":"App","decl":{"start":{"line":7,"column":9},"end":{"line":7,"column":12}},"loc":{"start":{"line":7,"column":12},"end":{"line":16,"column":1}}}},"branchMap":{},"s":{"0":1,"1":1,"2":1,"3":1,"4":1,"5":2,"6":1},"f":{"0":2},"b":{}}
,"/Users/adanane/work/projects/tax-calculator/src/components/tax-calculation-effect/TaxCalculationEffect.tsx": {"path":"/Users/adanane/work/projects/tax-calculator/src/components/tax-calculation-effect/TaxCalculationEffect.tsx","statementMap":{"0":{"start":{"line":1,"column":0},"end":{"line":1,"column":34}},"1":{"start":{"line":2,"column":0},"end":{"line":2,"column":77}},"2":{"start":{"line":3,"column":0},"end":{"line":3,"column":74}},"3":{"start":{"line":4,"column":0},"end":{"line":4,"column":null}},"4":{"start":{"line":12,"column":32},"end":{"line":12,"column":55}},"5":{"start":{"line":14,"column":17},"end":{"line":14,"column":34}},"6":{"start":{"line":15,"column":24},"end":{"line":15,"column":48}},"7":{"start":{"line":16,"column":24},"end":{"line":16,"column":48}},"8":{"start":{"line":17,"column":20},"end":{"line":17,"column":40}},"9":{"start":{"line":19,"column":4},"end":{"line":27,"column":22}},"10":{"start":{"line":20,"column":8},"end":{"line":26,"column":9}},"11":{"start":{"line":21,"column":12},"end":{"line":25,"column":13}},"12":{"start":{"line":22,"column":16},"end":{"line":22,"column":47}},"13":{"start":{"line":23,"column":19},"end":{"line":25,"column":13}},"14":{"start":{"line":24,"column":16},"end":{"line":24,"column":68}},"15":{"start":{"line":29,"column":4},"end":{"line":29,"column":17}},"16":{"start":{"line":32,"column":0},"end":{"line":32,"column":36}}},"fnMap":{"0":{"name":"TaxCalculationEffect","decl":{"start":{"line":11,"column":9},"end":{"line":11,"column":29}},"loc":{"start":{"line":11,"column":29},"end":{"line":30,"column":1}}},"1":{"name":"(anonymous_1)","decl":{"start":{"line":19,"column":14},"end":{"line":19,"column":17}},"loc":{"start":{"line":19,"column":19},"end":{"line":27,"column":5}}}},"branchMap":{"0":{"loc":{"start":{"line":20,"column":8},"end":{"line":26,"column":9}},"type":"if","locations":[{"start":{"line":20,"column":8},"end":{"line":26,"column":9}}]},"1":{"loc":{"start":{"line":21,"column":12},"end":{"line":25,"column":13}},"type":"if","locations":[{"start":{"line":21,"column":12},"end":{"line":25,"column":13}},{"start":{"line":23,"column":19},"end":{"line":25,"column":13}}]},"2":{"loc":{"start":{"line":23,"column":19},"end":{"line":25,"column":13}},"type":"if","locations":[{"start":{"line":23,"column":19},"end":{"line":25,"column":13}}]}},"s":{"0":2,"1":2,"2":2,"3":2,"4":5,"5":5,"6":5,"7":5,"8":5,"9":5,"10":5,"11":2,"12":1,"13":1,"14":1,"15":5,"16":2},"f":{"0":5,"1":5},"b":{"0":[2],"1":[1,1],"2":[1]}}
,"/Users/adanane/work/projects/tax-calculator/src/components/tax-calculation-form/TaxCalculationForm.tsx": {"path":"/Users/adanane/work/projects/tax-calculator/src/components/tax-calculation-form/TaxCalculationForm.tsx","statementMap":{"0":{"start":{"line":2,"column":0},"end":{"line":2,"column":54}},"1":{"start":{"line":3,"column":0},"end":{"line":3,"column":77}},"2":{"start":{"line":5,"column":0},"end":{"line":5,"column":42}},"3":{"start":{"line":6,"column":0},"end":{"line":6,"column":45}},"4":{"start":{"line":7,"column":0},"end":{"line":7,"column":48}},"5":{"start":{"line":8,"column":0},"end":{"line":8,"column":null}},"6":{"start":{"line":13,"column":0},"end":{"line":13,"column":50}},"7":{"start":{"line":16,"column":32},"end":{"line":16,"column":55}},"8":{"start":{"line":18,"column":19},"end":{"line":18,"column":38}},"9":{"start":{"line":19,"column":17},"end":{"line":19,"column":34}},"10":{"start":{"line":20,"column":22},"end":{"line":20,"column":44}},"11":{"start":{"line":22,"column":18},"end":{"line":22,"column":42}},"12":{"start":{"line":24,"column":35},"end":{"line":37,"column":6}},"13":{"start":{"line":29,"column":27},"end":{"line":29,"column":55}},"14":{"start":{"line":35,"column":27},"end":{"line":35,"column":54}},"15":{"start":{"line":39,"column":32},"end":{"line":42,"column":5}},"16":{"start":{"line":40,"column":23},"end":{"line":40,"column":41}},"17":{"start":{"line":41,"column":8},"end":{"line":41,"column":80}},"18":{"start":{"line":44,"column":31},"end":{"line":47,"column":5}},"19":{"start":{"line":45,"column":21},"end":{"line":45,"column":39}},"20":{"start":{"line":46,"column":8},"end":{"line":46,"column":55}},"21":{"start":{"line":49,"column":4},"end":{"line":73,"column":6}},"22":{"start":{"line":76,"column":0},"end":{"line":76,"column":34}}},"fnMap":{"0":{"name":"TaxCalculationForm","decl":{"start":{"line":15,"column":9},"end":{"line":15,"column":27}},"loc":{"start":{"line":15,"column":27},"end":{"line":74,"column":1}}},"1":{"name":"(anonymous_2)","decl":{"start":{"line":29,"column":21},"end":{"line":29,"column":24}},"loc":{"start":{"line":29,"column":27},"end":{"line":29,"column":55}}},"2":{"name":"(anonymous_3)","decl":{"start":{"line":35,"column":21},"end":{"line":35,"column":24}},"loc":{"start":{"line":35,"column":27},"end":{"line":35,"column":54}}},"3":{"name":"(anonymous_4)","decl":{"start":{"line":39,"column":32},"end":{"line":39,"column":33}},"loc":{"start":{"line":39,"column":73},"end":{"line":42,"column":5}}},"4":{"name":"(anonymous_5)","decl":{"start":{"line":44,"column":31},"end":{"line":44,"column":32}},"loc":{"start":{"line":44,"column":73},"end":{"line":47,"column":5}}}},"branchMap":{"0":{"loc":{"start":{"line":28,"column":22},"end":{"line":28,"column":52}},"type":"binary-expr","locations":[{"start":{"line":28,"column":22},"end":{"line":28,"column":31}},{"start":{"line":28,"column":35},"end":{"line":28,"column":52}}]},"1":{"loc":{"start":{"line":41,"column":48},"end":{"line":41,"column":76}},"type":"cond-expr","locations":[{"start":{"line":41,"column":64},"end":{"line":41,"column":66}},{"start":{"line":41,"column":69},"end":{"line":41,"column":76}}]},"2":{"loc":{"start":{"line":56,"column":23},"end":{"line":56,"column":53}},"type":"cond-expr","locations":[{"start":{"line":56,"column":42},"end":{"line":56,"column":48}},{"start":{"line":56,"column":51},"end":{"line":56,"column":53}}]}},"s":{"0":2,"1":2,"2":2,"3":2,"4":2,"5":2,"6":2,"7":9,"8":9,"9":9,"10":9,"11":9,"12":9,"13":1,"14":1,"15":9,"16":5,"17":5,"18":9,"19":1,"20":1,"21":9,"22":2},"f":{"0":9,"1":1,"2":1,"3":5,"4":1},"b":{"0":[9,9],"1":[1,4],"2":[6,3]}}
,"/Users/adanane/work/projects/tax-calculator/src/components/tax-calculation-table/TaxCalculationTable.tsx": {"path":"/Users/adanane/work/projects/tax-calculator/src/components/tax-calculation-table/TaxCalculationTable.tsx","statementMap":{"0":{"start":{"line":1,"column":0},"end":{"line":1,"column":54}},"1":{"start":{"line":2,"column":0},"end":{"line":2,"column":53}},"2":{"start":{"line":3,"column":0},"end":{"line":3,"column":55}},"3":{"start":{"line":5,"column":0},"end":{"line":5,"column":77}},"4":{"start":{"line":6,"column":0},"end":{"line":6,"column":42}},"5":{"start":{"line":7,"column":0},"end":{"line":7,"column":45}},"6":{"start":{"line":8,"column":0},"end":{"line":8,"column":null}},"7":{"start":{"line":17,"column":0},"end":{"line":17,"column":50}},"8":{"start":{"line":20,"column":22},"end":{"line":20,"column":45}},"9":{"start":{"line":21,"column":28},"end":{"line":21,"column":40}},"10":{"start":{"line":23,"column":19},"end":{"line":23,"column":38}},"11":{"start":{"line":24,"column":17},"end":{"line":24,"column":34}},"12":{"start":{"line":25,"column":24},"end":{"line":25,"column":48}},"13":{"start":{"line":26,"column":22},"end":{"line":26,"column":44}},"14":{"start":{"line":27,"column":18},"end":{"line":27,"column":36}},"15":{"start":{"line":28,"column":24},"end":{"line":28,"column":48}},"16":{"start":{"line":30,"column":22},"end":{"line":30,"column":44}},"17":{"start":{"line":32,"column":20},"end":{"line":32,"column":59}},"18":{"start":{"line":33,"column":17},"end":{"line":50,"column":21}},"19":{"start":{"line":34,"column":8},"end":{"line":34,"column":42}},"20":{"start":{"line":34,"column":32},"end":{"line":34,"column":42}},"21":{"start":{"line":36,"column":8},"end":{"line":49,"column":44}},"22":{"start":{"line":37,"column":12},"end":{"line":37,"column":73}},"23":{"start":{"line":37,"column":62},"end":{"line":37,"column":73}},"24":{"start":{"line":40,"column":16},"end":{"line":42,"column":43}},"25":{"start":{"line":45,"column":16},"end":{"line":45,"column":88}},"26":{"start":{"line":46,"column":27},"end":{"line":46,"column":74}},"27":{"start":{"line":48,"column":12},"end":{"line":48,"column":49}},"28":{"start":{"line":51,"column":19},"end":{"line":65,"column":14}},"29":{"start":{"line":52,"column":8},"end":{"line":52,"column":62}},"30":{"start":{"line":52,"column":52},"end":{"line":52,"column":62}},"31":{"start":{"line":54,"column":25},"end":{"line":57,"column":13}},"32":{"start":{"line":55,"column":27},"end":{"line":55,"column":37}},"33":{"start":{"line":56,"column":12},"end":{"line":56,"column":32}},"34":{"start":{"line":59,"column":31},"end":{"line":59,"column":48}},"35":{"start":{"line":61,"column":8},"end":{"line":64,"column":38}},"36":{"start":{"line":67,"column":4},"end":{"line":75,"column":20}},"37":{"start":{"line":68,"column":8},"end":{"line":68,"column":31}},"38":{"start":{"line":68,"column":24},"end":{"line":68,"column":31}},"39":{"start":{"line":70,"column":25},"end":{"line":72,"column":15}},"40":{"start":{"line":71,"column":12},"end":{"line":71,"column":83}},"41":{"start":{"line":71,"column":36},"end":{"line":71,"column":80}},"42":{"start":{"line":74,"column":8},"end":{"line":74,"column":45}},"43":{"start":{"line":74,"column":21},"end":{"line":74,"column":44}},"44":{"start":{"line":77,"column":4},"end":{"line":122,"column":6}},"45":{"start":{"line":82,"column":16},"end":{"line":119,"column":17}},"46":{"start":{"line":84,"column":24},"end":{"line":88,"column":26}},"47":{"start":{"line":90,"column":24},"end":{"line":94,"column":26}},"48":{"start":{"line":96,"column":24},"end":{"line":108,"column":26}},"49":{"start":{"line":110,"column":24},"end":{"line":118,"column":26}},"50":{"start":{"line":125,"column":0},"end":{"line":125,"column":35}}},"fnMap":{"0":{"name":"TaxCalculationTable","decl":{"start":{"line":19,"column":9},"end":{"line":19,"column":28}},"loc":{"start":{"line":19,"column":28},"end":{"line":123,"column":1}}},"1":{"name":"(anonymous_2)","decl":{"start":{"line":33,"column":25},"end":{"line":33,"column":28}},"loc":{"start":{"line":33,"column":30},"end":{"line":50,"column":5}}},"2":{"name":"(anonymous_3)","decl":{"start":{"line":36,"column":40},"end":{"line":36,"column":41}},"loc":{"start":{"line":36,"column":60},"end":{"line":49,"column":9}}},"3":{"name":"(anonymous_4)","decl":{"start":{"line":51,"column":27},"end":{"line":51,"column":30}},"loc":{"start":{"line":51,"column":32},"end":{"line":65,"column":5}}},"4":{"name":"(anonymous_5)","decl":{"start":{"line":54,"column":37},"end":{"line":54,"column":38}},"loc":{"start":{"line":54,"column":50},"end":{"line":57,"column":9}}},"5":{"name":"(anonymous_6)","decl":{"start":{"line":67,"column":14},"end":{"line":67,"column":17}},"loc":{"start":{"line":67,"column":19},"end":{"line":75,"column":5}}},"6":{"name":"(anonymous_7)","decl":{"start":{"line":70,"column":37},"end":{"line":70,"column":40}},"loc":{"start":{"line":70,"column":42},"end":{"line":72,"column":9}}},"7":{"name":"(anonymous_8)","decl":{"start":{"line":71,"column":20},"end":{"line":71,"column":21}},"loc":{"start":{"line":71,"column":36},"end":{"line":71,"column":80}}},"8":{"name":"(anonymous_9)","decl":{"start":{"line":74,"column":15},"end":{"line":74,"column":18}},"loc":{"start":{"line":74,"column":21},"end":{"line":74,"column":44}}},"9":{"name":"(anonymous_10)","decl":{"start":{"line":81,"column":14},"end":{"line":81,"column":17}},"loc":{"start":{"line":81,"column":19},"end":{"line":120,"column":13}}}},"branchMap":{"0":{"loc":{"start":{"line":34,"column":8},"end":{"line":34,"column":42}},"type":"if","locations":[{"start":{"line":34,"column":8},"end":{"line":34,"column":42}}]},"1":{"loc":{"start":{"line":37,"column":12},"end":{"line":37,"column":73}},"type":"if","locations":[{"start":{"line":37,"column":12},"end":{"line":37,"column":73}}]},"2":{"loc":{"start":{"line":37,"column":16},"end":{"line":37,"column":60}},"type":"binary-expr","locations":[{"start":{"line":37,"column":16},"end":{"line":37,"column":33}},{"start":{"line":37,"column":37},"end":{"line":37,"column":60}}]},"3":{"loc":{"start":{"line":40,"column":16},"end":{"line":42,"column":43}},"type":"cond-expr","locations":[{"start":{"line":41,"column":22},"end":{"line":41,"column":63}},{"start":{"line":42,"column":22},"end":{"line":42,"column":43}}]},"4":{"loc":{"start":{"line":45,"column":16},"end":{"line":45,"column":88}},"type":"cond-expr","locations":[{"start":{"line":45,"column":47},"end":{"line":45,"column":79}},{"start":{"line":45,"column":82},"end":{"line":45,"column":88}}]},"5":{"loc":{"start":{"line":52,"column":8},"end":{"line":52,"column":62}},"type":"if","locations":[{"start":{"line":52,"column":8},"end":{"line":52,"column":62}}]},"6":{"loc":{"start":{"line":52,"column":12},"end":{"line":52,"column":50}},"type":"binary-expr","locations":[{"start":{"line":52,"column":12},"end":{"line":52,"column":29}},{"start":{"line":52,"column":33},"end":{"line":52,"column":50}}]},"7":{"loc":{"start":{"line":68,"column":8},"end":{"line":68,"column":31}},"type":"if","locations":[{"start":{"line":68,"column":8},"end":{"line":68,"column":31}}]},"8":{"loc":{"start":{"line":71,"column":36},"end":{"line":71,"column":80}},"type":"cond-expr","locations":[{"start":{"line":71,"column":60},"end":{"line":71,"column":62}},{"start":{"line":71,"column":65},"end":{"line":71,"column":80}}]},"9":{"loc":{"start":{"line":82,"column":16},"end":{"line":119,"column":17}},"type":"switch","locations":[{"start":{"line":83,"column":20},"end":{"line":88,"column":26}},{"start":{"line":89,"column":20},"end":{"line":94,"column":26}},{"start":{"line":95,"column":20},"end":{"line":108,"column":26}},{"start":{"line":109,"column":20},"end":{"line":118,"column":26}}]},"10":{"loc":{"start":{"line":96,"column":31},"end":{"line":107,"column":null}},"type":"cond-expr","locations":[{"start":{"line":97,"column":28},"end":{"line":102,"column":null}},{"start":{"line":105,"column":28},"end":{"line":105,"column":null}}]}},"s":{"0":2,"1":2,"2":2,"3":2,"4":2,"5":2,"6":2,"7":2,"8":9,"9":9,"10":9,"11":9,"12":9,"13":9,"14":9,"15":9,"16":9,"17":9,"18":9,"19":9,"20":3,"21":6,"22":18,"23":3,"24":15,"25":15,"26":15,"27":15,"28":9,"29":9,"30":4,"31":5,"32":15,"33":15,"34":5,"35":5,"36":9,"37":9,"38":8,"39":1,"40":0,"41":0,"42":1,"43":1,"44":9,"45":9,"46":3,"47":1,"48":4,"49":1,"50":2},"f":{"0":9,"1":9,"2":18,"3":9,"4":15,"5":9,"6":0,"7":0,"8":1,"9":9},"b":{"0":[3],"1":[3],"2":[18,15],"3":[10,5],"4":[10,5],"5":[4],"6":[9,6],"7":[8],"8":[0,0],"9":[3,1,4,1],"10":[2,2]}}
,"/Users/adanane/work/projects/tax-calculator/src/contexts/tax-brackets/TaxBrackets.context.ts": {"path":"/Users/adanane/work/projects/tax-calculator/src/contexts/tax-brackets/TaxBrackets.context.ts","statementMap":{"0":{"start":{"line":1,"column":0},"end":{"line":1,"column":38}},"1":{"start":{"line":4,"column":13},"end":{"line":4,"column":98}}},"fnMap":{},"branchMap":{},"s":{"0":4,"1":4},"f":{},"b":{}}
,"/Users/adanane/work/projects/tax-calculator/src/contexts/tax-brackets/TaxBrackets.provider.tsx": {"path":"/Users/adanane/work/projects/tax-calculator/src/contexts/tax-brackets/TaxBrackets.provider.tsx","statementMap":{"0":{"start":{"line":1,"column":0},"end":{"line":1,"column":68}},"1":{"start":{"line":2,"column":0},"end":{"line":2,"column":59}},"2":{"start":{"line":4,"column":0},"end":{"line":4,"column":null}},"3":{"start":{"line":10,"column":30},"end":{"line":10,"column":91}},"4":{"start":{"line":12,"column":25},"end":{"line":14,"column":null}},"5":{"start":{"line":13,"column":15},"end":{"line":13,"column":34}},"6":{"start":{"line":17,"column":4},"end":{"line":17,"column":84}},"7":{"start":{"line":20,"column":0},"end":{"line":20,"column":35}}},"fnMap":{"0":{"name":"TaxBracketsProvider","decl":{"start":{"line":9,"column":9},"end":{"line":9,"column":28}},"loc":{"start":{"line":9,"column":60},"end":{"line":18,"column":1}}},"1":{"name":"(anonymous_1)","decl":{"start":{"line":13,"column":8},"end":{"line":13,"column":11}},"loc":{"start":{"line":13,"column":15},"end":{"line":13,"column":34}}}},"branchMap":{},"s":{"0":1,"1":1,"2":1,"3":2,"4":2,"5":2,"6":2,"7":1},"f":{"0":2,"1":2},"b":{}}
,"/Users/adanane/work/projects/tax-calculator/src/hooks/use-tax-brackets-context.ts": {"path":"/Users/adanane/work/projects/tax-calculator/src/hooks/use-tax-brackets-context.ts","statementMap":{"0":{"start":{"line":5,"column":0},"end":{"line":5,"column":16}},"1":{"start":{"line":1,"column":0},"end":{"line":1,"column":28}},"2":{"start":{"line":2,"column":0},"end":{"line":2,"column":82}},"3":{"start":{"line":6,"column":20},"end":{"line":6,"column":43}},"4":{"start":{"line":7,"column":4},"end":{"line":10,"column":10}},"5":{"start":{"line":8,"column":8},"end":{"line":10,"column":10}},"6":{"start":{"line":11,"column":4},"end":{"line":11,"column":19}}},"fnMap":{"0":{"name":"useTaxBracketsContext","decl":{"start":{"line":5,"column":16},"end":{"line":5,"column":37}},"loc":{"start":{"line":5,"column":37},"end":{"line":12,"column":1}}}},"branchMap":{"0":{"loc":{"start":{"line":7,"column":4},"end":{"line":10,"column":10}},"type":"if","locations":[{"start":{"line":7,"column":4},"end":{"line":10,"column":10}}]}},"s":{"0":4,"1":4,"2":4,"3":6,"4":6,"5":0,"6":6},"f":{"0":6},"b":{"0":[0]}}
,"/Users/adanane/work/projects/tax-calculator/src/services/tax-brackets/tax-brackets.ts": {"path":"/Users/adanane/work/projects/tax-calculator/src/services/tax-brackets/tax-brackets.ts","statementMap":{"0":{"start":{"line":5,"column":0},"end":{"line":5,"column":22}},"1":{"start":{"line":9,"column":4},"end":{"line":26,"column":5}},"2":{"start":{"line":10,"column":25},"end":{"line":13,"column":10}},"3":{"start":{"line":15,"column":8},"end":{"line":15,"column":99}},"4":{"start":{"line":15,"column":26},"end":{"line":15,"column":99}},"5":{"start":{"line":17,"column":41},"end":{"line":17,"column":62}},"6":{"start":{"line":19,"column":8},"end":{"line":22,"column":11}},"7":{"start":{"line":24,"column":24},"end":{"line":24,"column":78}},"8":{"start":{"line":25,"column":8},"end":{"line":25,"column":58}}},"fnMap":{"0":{"name":"getTaxBrackets","decl":{"start":{"line":5,"column":22},"end":{"line":5,"column":36}},"loc":{"start":{"line":7,"column":16},"end":{"line":27,"column":null}}}},"branchMap":{"0":{"loc":{"start":{"line":15,"column":8},"end":{"line":15,"column":99}},"type":"if","locations":[{"start":{"line":15,"column":8},"end":{"line":15,"column":99}}]},"1":{"loc":{"start":{"line":21,"column":21},"end":{"line":21,"column":44}},"type":"binary-expr","locations":[{"start":{"line":21,"column":21},"end":{"line":21,"column":38}},{"start":{"line":21,"column":42},"end":{"line":21,"column":44}}]},"2":{"loc":{"start":{"line":24,"column":24},"end":{"line":24,"column":78}},"type":"cond-expr","locations":[{"start":{"line":24,"column":49},"end":{"line":24,"column":62}},{"start":{"line":24,"column":65},"end":{"line":24,"column":78}}]}},"s":{"0":3,"1":3,"2":3,"3":3,"4":1,"5":2,"6":1,"7":2,"8":2},"f":{"0":3},"b":{"0":[1],"1":[1,0],"2":[2,0]}}
,"/Users/adanane/work/projects/tax-calculator/src/shared/button/Button.tsx": {"path":"/Users/adanane/work/projects/tax-calculator/src/shared/button/Button.tsx","statementMap":{"0":{"start":{"line":1,"column":0},"end":{"line":1,"column":42}},"1":{"start":{"line":4,"column":48},"end":{"line":4,"column":53}},"2":{"start":{"line":4,"column":58},"end":{"line":4,"column":73}},"3":{"start":{"line":5,"column":28},"end":{"line":5,"column":95}},"4":{"start":{"line":7,"column":4},"end":{"line":20,"column":6}},"5":{"start":{"line":23,"column":0},"end":{"line":23,"column":22}}},"fnMap":{"0":{"name":"Button","decl":{"start":{"line":4,"column":9},"end":{"line":4,"column":15}},"loc":{"start":{"line":4,"column":73},"end":{"line":21,"column":1}}}},"branchMap":{"0":{"loc":{"start":{"line":5,"column":62},"end":{"line":5,"column":81}},"type":"binary-expr","locations":[{"start":{"line":5,"column":62},"end":{"line":5,"column":69}},{"start":{"line":5,"column":73},"end":{"line":5,"column":81}}]},"1":{"loc":{"start":{"line":11,"column":18},"end":{"line":11,"column":34}},"type":"cond-expr","locations":[{"start":{"line":11,"column":18},"end":{"line":11,"column":22}},{"start":{"line":11,"column":26},"end":{"line":11,"column":34}}]},"2":{"loc":{"start":{"line":11,"column":18},"end":{"line":11,"column":26}},"type":"binary-expr","locations":[{"start":{"line":11,"column":18},"end":{"line":11,"column":26}},{"start":{"line":11,"column":18},"end":{"line":11,"column":26}}]},"3":{"loc":{"start":{"line":12,"column":17},"end":{"line":16,"column":14}},"type":"binary-expr","locations":[{"start":{"line":12,"column":17},"end":{"line":12,"column":25}},{"start":{"line":12,"column":29},"end":{"line":16,"column":14}}]}},"s":{"0":5,"1":28,"2":28,"3":28,"4":28,"5":5},"f":{"0":28},"b":{"0":[28,18],"1":[10,18],"2":[28,28],"3":[28,4]}}
,"/Users/adanane/work/projects/tax-calculator/src/shared/card/Card.tsx": {"path":"/Users/adanane/work/projects/tax-calculator/src/shared/card/Card.tsx","statementMap":{"0":{"start":{"line":1,"column":0},"end":{"line":1,"column":40}},"1":{"start":{"line":3,"column":0},"end":{"line":3,"column":38}},"2":{"start":{"line":5,"column":68},"end":{"line":5,"column":73}},"3":{"start":{"line":5,"column":78},"end":{"line":5,"column":91}},"4":{"start":{"line":6,"column":26},"end":{"line":6,"column":76}},"5":{"start":{"line":7,"column":33},"end":{"line":10,"column":15}},"6":{"start":{"line":12,"column":4},"end":{"line":31,"column":6}},"7":{"start":{"line":23,"column":24},"end":{"line":24,"column":null}},"8":{"start":{"line":34,"column":0},"end":{"line":34,"column":20}}},"fnMap":{"0":{"name":"Card","decl":{"start":{"line":5,"column":9},"end":{"line":5,"column":13}},"loc":{"start":{"line":5,"column":91},"end":{"line":32,"column":1}}},"1":{"name":"(anonymous_3)","decl":{"start":{"line":22,"column":33},"end":{"line":22,"column":34}},"loc":{"start":{"line":23,"column":24},"end":{"line":24,"column":null}}}},"branchMap":{"0":{"loc":{"start":{"line":9,"column":33},"end":{"line":9,"column":58}},"type":"binary-expr","locations":[{"start":{"line":9,"column":33},"end":{"line":9,"column":48}},{"start":{"line":9,"column":52},"end":{"line":9,"column":58}}]},"1":{"loc":{"start":{"line":16,"column":13},"end":{"line":16,"column":73}},"type":"binary-expr","locations":[{"start":{"line":16,"column":13},"end":{"line":16,"column":18}},{"start":{"line":16,"column":22},"end":{"line":16,"column":73}}]},"2":{"loc":{"start":{"line":20,"column":13},"end":{"line":28,"column":null}},"type":"binary-expr","locations":[{"start":{"line":20,"column":13},"end":{"line":20,"column":20}},{"start":{"line":21,"column":16},"end":{"line":27,"column":null}}]}},"s":{"0":4,"1":4,"2":24,"3":24,"4":24,"5":24,"6":24,"7":22,"8":4},"f":{"0":24,"1":22},"b":{"0":[24,14],"1":[24,1],"2":[24,12]}}
,"/Users/adanane/work/projects/tax-calculator/src/shared/input/Input.tsx": {"path":"/Users/adanane/work/projects/tax-calculator/src/shared/input/Input.tsx","statementMap":{"0":{"start":{"line":2,"column":0},"end":{"line":2,"column":41}},"1":{"start":{"line":9,"column":13},"end":{"line":9,"column":null}},"2":{"start":{"line":10,"column":12},"end":{"line":11,"column":40}},"3":{"start":{"line":12,"column":29},"end":{"line":12,"column":80}},"4":{"start":{"line":13,"column":27},"end":{"line":13,"column":95}},"5":{"start":{"line":15,"column":67},"end":{"line":18,"column":5}},"6":{"start":{"line":16,"column":8},"end":{"line":16,"column":98}},"7":{"start":{"line":16,"column":75},"end":{"line":16,"column":98}},"8":{"start":{"line":17,"column":8},"end":{"line":17,"column":27}},"9":{"start":{"line":20,"column":4},"end":{"line":30,"column":6}},"10":{"start":{"line":33,"column":0},"end":{"line":33,"column":21}}},"fnMap":{"0":{"name":"Input","decl":{"start":{"line":4,"column":9},"end":{"line":4,"column":14}},"loc":{"start":{"line":11,"column":40},"end":{"line":31,"column":1}}},"1":{"name":"(anonymous_3)","decl":{"start":{"line":15,"column":67},"end":{"line":15,"column":68}},"loc":{"start":{"line":15,"column":77},"end":{"line":18,"column":5}}}},"branchMap":{"0":{"loc":{"start":{"line":16,"column":8},"end":{"line":16,"column":98}},"type":"if","locations":[{"start":{"line":16,"column":8},"end":{"line":16,"column":98}}]},"1":{"loc":{"start":{"line":16,"column":12},"end":{"line":16,"column":73}},"type":"binary-expr","locations":[{"start":{"line":16,"column":12},"end":{"line":16,"column":29}},{"start":{"line":16,"column":33},"end":{"line":16,"column":73}}]},"2":{"loc":{"start":{"line":17,"column":8},"end":{"line":17,"column":26}},"type":"cond-expr","locations":[{"start":{"line":17,"column":17},"end":{"line":17,"column":20}},{"start":{"line":17,"column":8},"end":{"line":17,"column":26}}]},"3":{"loc":{"start":{"line":17,"column":8},"end":{"line":17,"column":20}},"type":"binary-expr","locations":[{"start":{"line":17,"column":8},"end":{"line":17,"column":20}},{"start":{"line":17,"column":8},"end":{"line":17,"column":20}}]},"4":{"loc":{"start":{"line":22,"column":13},"end":{"line":22,"column":77}},"type":"binary-expr","locations":[{"start":{"line":22,"column":13},"end":{"line":22,"column":19}},{"start":{"line":22,"column":23},"end":{"line":22,"column":77}}]}},"s":{"0":3,"1":15,"2":15,"3":15,"4":15,"5":15,"6":11,"7":6,"8":11,"9":15,"10":3},"f":{"0":15,"1":11},"b":{"0":[6],"1":[11,10],"2":[6,5],"3":[11,11],"4":[15,10]}}
,"/Users/adanane/work/projects/tax-calculator/src/shared/select/Select.tsx": {"path":"/Users/adanane/work/projects/tax-calculator/src/shared/select/Select.tsx","statementMap":{"0":{"start":{"line":1,"column":0},"end":{"line":1,"column":42}},"1":{"start":{"line":4,"column":36},"end":{"line":4,"column":41}},"2":{"start":{"line":4,"column":46},"end":{"line":4,"column":61}},"3":{"start":{"line":5,"column":28},"end":{"line":5,"column":80}},"4":{"start":{"line":7,"column":4},"end":{"line":21,"column":6}},"5":{"start":{"line":13,"column":20},"end":{"line":14,"column":null}},"6":{"start":{"line":24,"column":0},"end":{"line":24,"column":22}}},"fnMap":{"0":{"name":"Select","decl":{"start":{"line":4,"column":9},"end":{"line":4,"column":15}},"loc":{"start":{"line":4,"column":61},"end":{"line":22,"column":1}}},"1":{"name":"(anonymous_3)","decl":{"start":{"line":12,"column":29},"end":{"line":12,"column":30}},"loc":{"start":{"line":13,"column":20},"end":{"line":14,"column":null}}}},"branchMap":{},"s":{"0":3,"1":14,"2":14,"3":14,"4":14,"5":51,"6":3},"f":{"0":14,"1":51},"b":{}}
,"/Users/adanane/work/projects/tax-calculator/src/shared/table/Table.tsx": {"path":"/Users/adanane/work/projects/tax-calculator/src/shared/table/Table.tsx","statementMap":{"0":{"start":{"line":1,"column":0},"end":{"line":1,"column":41}},"1":{"start":{"line":12,"column":4},"end":{"line":18,"column":5}},"2":{"start":{"line":13,"column":29},"end":{"line":13,"column":43}},"3":{"start":{"line":14,"column":27},"end":{"line":14,"column":87}},"4":{"start":{"line":14,"column":46},"end":{"line":14,"column":86}},"5":{"start":{"line":16,"column":8},"end":{"line":17,"column":99}},"6":{"start":{"line":17,"column":12},"end":{"line":17,"column":99}},"7":{"start":{"line":20,"column":27},"end":{"line":20,"column":78}},"8":{"start":{"line":21,"column":26},"end":{"line":23,"column":18}},"9":{"start":{"line":25,"column":22},"end":{"line":26,"column":89}},"10":{"start":{"line":26,"column":8},"end":{"line":26,"column":89}},"11":{"start":{"line":28,"column":4},"end":{"line":79,"column":6}},"12":{"start":{"line":34,"column":28},"end":{"line":35,"column":null}},"13":{"start":{"line":46,"column":24},"end":{"line":47,"column":null}},"14":{"start":{"line":50,"column":32},"end":{"line":51,"column":null}},"15":{"start":{"line":63,"column":45},"end":{"line":63,"column":74}},"16":{"start":{"line":64,"column":24},"end":{"line":74,"column":26}},"17":{"start":{"line":82,"column":0},"end":{"line":82,"column":21}}},"fnMap":{"0":{"name":"Table","decl":{"start":{"line":4,"column":9},"end":{"line":4,"column":14}},"loc":{"start":{"line":11,"column":16},"end":{"line":80,"column":1}}},"1":{"name":"(anonymous_2)","decl":{"start":{"line":14,"column":37},"end":{"line":14,"column":38}},"loc":{"start":{"line":14,"column":46},"end":{"line":14,"column":86}}},"2":{"name":"(anonymous_3)","decl":{"start":{"line":25,"column":22},"end":{"line":25,"column":23}},"loc":{"start":{"line":26,"column":8},"end":{"line":26,"column":89}}},"3":{"name":"(anonymous_4)","decl":{"start":{"line":33,"column":37},"end":{"line":33,"column":38}},"loc":{"start":{"line":34,"column":28},"end":{"line":35,"column":null}}},"4":{"name":"(anonymous_5)","decl":{"start":{"line":45,"column":30},"end":{"line":45,"column":31}},"loc":{"start":{"line":46,"column":24},"end":{"line":47,"column":null}}},"5":{"name":"(anonymous_6)","decl":{"start":{"line":49,"column":52},"end":{"line":49,"column":53}},"loc":{"start":{"line":50,"column":32},"end":{"line":51,"column":null}}},"6":{"name":"(anonymous_7)","decl":{"start":{"line":62,"column":32},"end":{"line":62,"column":33}},"loc":{"start":{"line":62,"column":60},"end":{"line":75,"column":21}}}},"branchMap":{"0":{"loc":{"start":{"line":12,"column":4},"end":{"line":18,"column":5}},"type":"if","locations":[{"start":{"line":12,"column":4},"end":{"line":18,"column":5}}]},"1":{"loc":{"start":{"line":12,"column":8},"end":{"line":12,"column":23}},"type":"binary-expr","locations":[{"start":{"line":12,"column":8},"end":{"line":12,"column":15}},{"start":{"line":12,"column":19},"end":{"line":12,"column":23}}]},"2":{"loc":{"start":{"line":16,"column":8},"end":{"line":17,"column":99}},"type":"if","locations":[{"start":{"line":16,"column":8},"end":{"line":17,"column":99}}]},"3":{"loc":{"start":{"line":21,"column":70},"end":{"line":21,"column":93}},"type":"cond-expr","locations":[{"start":{"line":21,"column":70},"end":{"line":21,"column":83}},{"start":{"line":21,"column":87},"end":{"line":21,"column":93}}]},"4":{"loc":{"start":{"line":21,"column":70},"end":{"line":21,"column":87}},"type":"binary-expr","locations":[{"start":{"line":21,"column":70},"end":{"line":21,"column":87}},{"start":{"line":21,"column":70},"end":{"line":21,"column":87}}]},"5":{"loc":{"start":{"line":26,"column":8},"end":{"line":26,"column":89}},"type":"cond-expr","locations":[{"start":{"line":26,"column":59},"end":{"line":26,"column":81}},{"start":{"line":26,"column":84},"end":{"line":26,"column":89}}]},"6":{"loc":{"start":{"line":26,"column":8},"end":{"line":26,"column":56}},"type":"binary-expr","locations":[{"start":{"line":26,"column":8},"end":{"line":26,"column":33}},{"start":{"line":26,"column":37},"end":{"line":26,"column":47}},{"start":{"line":26,"column":51},"end":{"line":26,"column":56}}]},"7":{"loc":{"start":{"line":30,"column":13},"end":{"line":41,"column":null}},"type":"binary-expr","locations":[{"start":{"line":30,"column":13},"end":{"line":30,"column":20}},{"start":{"line":31,"column":16},"end":{"line":40,"column":null}}]},"8":{"loc":{"start":{"line":43,"column":13},"end":{"line":58,"column":null}},"type":"binary-expr","locations":[{"start":{"line":43,"column":13},"end":{"line":43,"column":17}},{"start":{"line":44,"column":16},"end":{"line":57,"column":null}}]},"9":{"loc":{"start":{"line":60,"column":13},"end":{"line":76,"column":null}},"type":"binary-expr","locations":[{"start":{"line":60,"column":13},"end":{"line":60,"column":19}},{"start":{"line":61,"column":16},"end":{"line":75,"column":null}}]}},"s":{"0":3,"1":8,"2":8,"3":8,"4":16,"5":8,"6":2,"7":6,"8":6,"9":6,"10":34,"11":6,"12":12,"13":14,"14":28,"15":6,"16":6,"17":3},"f":{"0":8,"1":16,"2":34,"3":12,"4":14,"5":28,"6":6},"b":{"0":[8],"1":[8,8],"2":[2],"3":[2,4],"4":[6,6],"5":[13,21],"6":[34,20,13],"7":[6,6],"8":[6,6],"9":[6,4]}}
,"/Users/adanane/work/projects/tax-calculator/src/store/tax-calculation/tax-calculation.ts": {"path":"/Users/adanane/work/projects/tax-calculator/src/store/tax-calculation/tax-calculation.ts","statementMap":{"0":{"start":{"line":49,"column":0},"end":{"line":49,"column":16}},"1":{"start":{"line":42,"column":13},"end":{"line":47,"column":2}},"2":{"start":{"line":53,"column":4},"end":{"line":78,"column":5}},"3":{"start":{"line":55,"column":12},"end":{"line":55,"column":56}},"4":{"start":{"line":57,"column":12},"end":{"line":57,"column":54}},"5":{"start":{"line":59,"column":12},"end":{"line":66,"column":null}},"6":{"start":{"line":69,"column":12},"end":{"line":69,"column":59}},"7":{"start":{"line":71,"column":12},"end":{"line":71,"column":95}},"8":{"start":{"line":73,"column":12},"end":{"line":73,"column":73}},"9":{"start":{"line":75,"column":12},"end":{"line":75,"column":53}},"10":{"start":{"line":77,"column":12},"end":{"line":77,"column":25}},"11":{"start":{"line":82,"column":28},"end":{"line":82,"column":72}},"12":{"start":{"line":82,"column":60},"end":{"line":82,"column":72}},"13":{"start":{"line":82,"column":13},"end":{"line":82,"column":28}},"14":{"start":{"line":83,"column":26},"end":{"line":83,"column":68}},"15":{"start":{"line":83,"column":58},"end":{"line":83,"column":68}},"16":{"start":{"line":83,"column":13},"end":{"line":83,"column":26}},"17":{"start":{"line":84,"column":33},"end":{"line":84,"column":82}},"18":{"start":{"line":84,"column":65},"end":{"line":84,"column":82}},"19":{"start":{"line":84,"column":13},"end":{"line":84,"column":33}},"20":{"start":{"line":85,"column":31},"end":{"line":85,"column":78}},"21":{"start":{"line":85,"column":63},"end":{"line":85,"column":78}},"22":{"start":{"line":85,"column":13},"end":{"line":85,"column":31}},"23":{"start":{"line":86,"column":27},"end":{"line":86,"column":70}},"24":{"start":{"line":86,"column":59},"end":{"line":86,"column":70}},"25":{"start":{"line":86,"column":13},"end":{"line":86,"column":27}},"26":{"start":{"line":87,"column":33},"end":{"line":87,"column":82}},"27":{"start":{"line":87,"column":65},"end":{"line":87,"column":82}},"28":{"start":{"line":87,"column":13},"end":{"line":87,"column":33}},"29":{"start":{"line":89,"column":31},"end":{"line":89,"column":99}},"30":{"start":{"line":89,"column":63},"end":{"line":89,"column":99}},"31":{"start":{"line":89,"column":13},"end":{"line":89,"column":31}},"32":{"start":{"line":90,"column":29},"end":{"line":90,"column":95}},"33":{"start":{"line":90,"column":61},"end":{"line":90,"column":95}},"34":{"start":{"line":90,"column":13},"end":{"line":90,"column":29}}},"fnMap":{"0":{"name":"taxCalculationReducer","decl":{"start":{"line":49,"column":16},"end":{"line":49,"column":37}},"loc":{"start":{"line":51,"column":32},"end":{"line":79,"column":1}}},"1":{"name":"(anonymous_1)","decl":{"start":{"line":82,"column":28},"end":{"line":82,"column":29}},"loc":{"start":{"line":82,"column":60},"end":{"line":82,"column":72}}},"2":{"name":"(anonymous_2)","decl":{"start":{"line":83,"column":26},"end":{"line":83,"column":27}},"loc":{"start":{"line":83,"column":58},"end":{"line":83,"column":68}}},"3":{"name":"(anonymous_3)","decl":{"start":{"line":84,"column":33},"end":{"line":84,"column":34}},"loc":{"start":{"line":84,"column":65},"end":{"line":84,"column":82}}},"4":{"name":"(anonymous_4)","decl":{"start":{"line":85,"column":31},"end":{"line":85,"column":32}},"loc":{"start":{"line":85,"column":63},"end":{"line":85,"column":78}}},"5":{"name":"(anonymous_5)","decl":{"start":{"line":86,"column":27},"end":{"line":86,"column":28}},"loc":{"start":{"line":86,"column":59},"end":{"line":86,"column":70}}},"6":{"name":"(anonymous_6)","decl":{"start":{"line":87,"column":33},"end":{"line":87,"column":34}},"loc":{"start":{"line":87,"column":65},"end":{"line":87,"column":82}}},"7":{"name":"(anonymous_7)","decl":{"start":{"line":89,"column":31},"end":{"line":89,"column":32}},"loc":{"start":{"line":89,"column":63},"end":{"line":89,"column":99}}},"8":{"name":"(anonymous_8)","decl":{"start":{"line":90,"column":29},"end":{"line":90,"column":30}},"loc":{"start":{"line":90,"column":61},"end":{"line":90,"column":95}}}},"branchMap":{"0":{"loc":{"start":{"line":53,"column":4},"end":{"line":78,"column":5}},"type":"switch","locations":[{"start":{"line":54,"column":8},"end":{"line":55,"column":56}},{"start":{"line":56,"column":8},"end":{"line":57,"column":54}},{"start":{"line":58,"column":8},"end":{"line":66,"column":null}},{"start":{"line":68,"column":8},"end":{"line":69,"column":59}},{"start":{"line":70,"column":8},"end":{"line":71,"column":95}},{"start":{"line":72,"column":8},"end":{"line":73,"column":73}},{"start":{"line":74,"column":8},"end":{"line":75,"column":53}},{"start":{"line":76,"column":8},"end":{"line":77,"column":25}}]},"1":{"loc":{"start":{"line":64,"column":24},"end":{"line":64,"column":85}},"type":"binary-expr","locations":[{"start":{"line":64,"column":24},"end":{"line":64,"column":49}},{"start":{"line":64,"column":53},"end":{"line":64,"column":85}}]}},"s":{"0":5,"1":5,"2":7,"3":1,"4":1,"5":1,"6":1,"7":1,"8":1,"9":1,"10":0,"11":5,"12":19,"13":5,"14":5,"15":24,"16":5,"17":5,"18":15,"19":5,"20":5,"21":35,"22":5,"23":5,"24":10,"25":5,"26":5,"27":15,"28":5,"29":5,"30":19,"31":5,"32":5,"33":6,"34":5},"f":{"0":7,"1":19,"2":24,"3":15,"4":35,"5":10,"6":15,"7":19,"8":6},"b":{"0":[1,1,1,1,1,1,1,0],"1":[1,1]}}
,"/Users/adanane/work/projects/tax-calculator/src/utils/assertions.ts": {"path":"/Users/adanane/work/projects/tax-calculator/src/utils/assertions.ts","statementMap":{"0":{"start":{"line":1,"column":0},"end":{"line":1,"column":16}},"1":{"start":{"line":2,"column":4},"end":{"line":2,"column":54}}},"fnMap":{"0":{"name":"isNumber","decl":{"start":{"line":1,"column":16},"end":{"line":1,"column":24}},"loc":{"start":{"line":1,"column":39},"end":{"line":3,"column":1}}}},"branchMap":{"0":{"loc":{"start":{"line":2,"column":11},"end":{"line":2,"column":53}},"type":"binary-expr","locations":[{"start":{"line":2,"column":11},"end":{"line":2,"column":36}},{"start":{"line":2,"column":40},"end":{"line":2,"column":53}}]}},"s":{"0":3,"1":45},"f":{"0":45},"b":{"0":[45,35]}}
}
