TN:
SF:src/App.tsx
FN:7,App
FNF:1
FNH:1
FNDA:2,App
DA:1,1
DA:2,1
DA:3,1
DA:4,1
DA:5,1
DA:8,2
DA:18,1
LF:7
LH:7
BRF:0
BRH:0
end_of_record
TN:
SF:src/components/tax-calculation-effect/TaxCalculationEffect.tsx
FN:11,TaxCalculationEffect
FN:19,(anonymous_1)
FNF:2
FNH:2
FNDA:5,TaxCalculationEffect
FNDA:5,(anonymous_1)
DA:1,2
DA:2,2
DA:3,2
DA:4,2
DA:12,5
DA:14,5
DA:15,5
DA:16,5
DA:17,5
DA:19,5
DA:20,5
DA:21,2
DA:22,1
DA:23,1
DA:24,1
DA:29,5
DA:32,2
LF:17
LH:17
BRDA:20,0,0,2
BRDA:21,1,0,1
BRDA:21,1,1,1
BRDA:23,2,0,1
BRF:4
BRH:4
end_of_record
TN:
SF:src/components/tax-calculation-form/TaxCalculationForm.tsx
FN:15,TaxCalculationForm
FN:29,(anonymous_2)
FN:35,(anonymous_3)
FN:39,(anonymous_4)
FN:44,(anonymous_5)
FNF:5
FNH:5
FNDA:9,TaxCalculationForm
FNDA:1,(anonymous_2)
FNDA:1,(anonymous_3)
FNDA:5,(anonymous_4)
FNDA:1,(anonymous_5)
DA:2,2
DA:3,2
DA:5,2
DA:6,2
DA:7,2
DA:8,2
DA:13,2
DA:16,9
DA:18,9
DA:19,9
DA:20,9
DA:22,9
DA:24,9
DA:29,1
DA:35,1
DA:39,9
DA:40,5
DA:41,5
DA:44,9
DA:45,1
DA:46,1
DA:49,9
DA:76,2
LF:23
LH:23
BRDA:28,0,0,9
BRDA:28,0,1,9
BRDA:41,1,0,1
BRDA:41,1,1,4
BRDA:56,2,0,6
BRDA:56,2,1,3
BRF:6
BRH:6
end_of_record
TN:
SF:src/components/tax-calculation-table/TaxCalculationTable.tsx
FN:19,TaxCalculationTable
FN:33,(anonymous_2)
FN:36,(anonymous_3)
FN:51,(anonymous_4)
FN:54,(anonymous_5)
FN:67,(anonymous_6)
FN:70,(anonymous_7)
FN:71,(anonymous_8)
FN:74,(anonymous_9)
FN:81,(anonymous_10)
FNF:10
FNH:8
FNDA:9,TaxCalculationTable
FNDA:9,(anonymous_2)
FNDA:18,(anonymous_3)
FNDA:9,(anonymous_4)
FNDA:15,(anonymous_5)
FNDA:9,(anonymous_6)
FNDA:0,(anonymous_7)
FNDA:0,(anonymous_8)
FNDA:1,(anonymous_9)
FNDA:9,(anonymous_10)
DA:1,2
DA:2,2
DA:3,2
DA:5,2
DA:6,2
DA:7,2
DA:8,2
DA:17,2
DA:20,9
DA:21,9
DA:23,9
DA:24,9
DA:25,9
DA:26,9
DA:27,9
DA:28,9
DA:30,9
DA:32,9
DA:33,9
DA:34,9
DA:36,6
DA:37,18
DA:40,15
DA:45,15
DA:46,15
DA:48,15
DA:51,9
DA:52,9
DA:54,5
DA:55,15
DA:56,15
DA:59,5
DA:61,5
DA:67,9
DA:68,9
DA:70,1
DA:71,0
DA:74,1
DA:77,9
DA:82,9
DA:84,3
DA:90,1
DA:96,4
DA:110,1
DA:125,2
LF:45
LH:44
BRDA:34,0,0,3
BRDA:37,1,0,3
BRDA:37,2,0,18
BRDA:37,2,1,15
BRDA:40,3,0,10
BRDA:40,3,1,5
BRDA:45,4,0,10
BRDA:45,4,1,5
BRDA:52,5,0,4
BRDA:52,6,0,9
BRDA:52,6,1,6
BRDA:68,7,0,8
BRDA:71,8,0,0
BRDA:71,8,1,0
BRDA:82,9,0,3
BRDA:82,9,1,1
BRDA:82,9,2,4
BRDA:82,9,3,1
BRDA:96,10,0,2
BRDA:96,10,1,2
BRF:20
BRH:18
end_of_record
TN:
SF:src/contexts/tax-brackets/TaxBrackets.context.ts
FNF:0
FNH:0
DA:1,4
DA:4,4
LF:2
LH:2
BRF:0
BRH:0
end_of_record
TN:
SF:src/contexts/tax-brackets/TaxBrackets.provider.tsx
FN:9,TaxBracketsProvider
FN:13,(anonymous_1)
FNF:2
FNH:2
FNDA:2,TaxBracketsProvider
FNDA:2,(anonymous_1)
DA:1,1
DA:2,1
DA:4,1
DA:10,2
DA:12,2
DA:13,2
DA:17,2
DA:20,1
LF:8
LH:8
BRF:0
BRH:0
end_of_record
TN:
SF:src/hooks/use-tax-brackets-context.ts
FN:5,useTaxBracketsContext
FNF:1
FNH:1
FNDA:6,useTaxBracketsContext
DA:1,4
DA:2,4
DA:5,4
DA:6,6
DA:7,6
DA:8,0
DA:11,6
LF:7
LH:6
BRDA:7,0,0,0
BRF:1
BRH:0
end_of_record
TN:
SF:src/services/tax-brackets/tax-brackets.ts
FN:5,getTaxBrackets
FNF:1
FNH:1
FNDA:3,getTaxBrackets
DA:5,3
DA:9,3
DA:10,3
DA:15,3
DA:17,2
DA:19,1
DA:24,2
DA:25,2
LF:8
LH:8
BRDA:15,0,0,1
BRDA:21,1,0,1
BRDA:21,1,1,0
BRDA:24,2,0,2
BRDA:24,2,1,0
BRF:5
BRH:3
end_of_record
TN:
SF:src/shared/button/Button.tsx
FN:4,Button
FNF:1
FNH:1
FNDA:28,Button
DA:1,5
DA:4,28
DA:5,28
DA:7,28
DA:23,5
LF:5
LH:5
BRDA:5,0,0,28
BRDA:5,0,1,18
BRDA:11,1,0,10
BRDA:11,1,1,18
BRDA:11,2,0,28
BRDA:11,2,1,28
BRDA:12,3,0,28
BRDA:12,3,1,4
BRF:8
BRH:8
end_of_record
TN:
SF:src/shared/card/Card.tsx
FN:5,Card
FN:22,(anonymous_3)
FNF:2
FNH:2
FNDA:24,Card
FNDA:22,(anonymous_3)
DA:1,4
DA:3,4
DA:5,24
DA:6,24
DA:7,24
DA:12,24
DA:23,22
DA:34,4
LF:8
LH:8
BRDA:9,0,0,24
BRDA:9,0,1,14
BRDA:16,1,0,24
BRDA:16,1,1,1
BRDA:20,2,0,24
BRDA:20,2,1,12
BRF:6
BRH:6
end_of_record
TN:
SF:src/shared/input/Input.tsx
FN:4,Input
FN:15,(anonymous_3)
FNF:2
FNH:2
FNDA:15,Input
FNDA:11,(anonymous_3)
DA:2,3
DA:9,15
DA:10,15
DA:12,15
DA:13,15
DA:15,15
DA:16,11
DA:17,11
DA:20,15
DA:33,3
LF:10
LH:10
BRDA:16,0,0,6
BRDA:16,1,0,11
BRDA:16,1,1,10
BRDA:17,2,0,6
BRDA:17,2,1,5
BRDA:17,3,0,11
BRDA:17,3,1,11
BRDA:22,4,0,15
BRDA:22,4,1,10
BRF:9
BRH:9
end_of_record
TN:
SF:src/shared/select/Select.tsx
FN:4,Select
FN:12,(anonymous_3)
FNF:2
FNH:2
FNDA:14,Select
FNDA:51,(anonymous_3)
DA:1,3
DA:4,14
DA:5,14
DA:7,14
DA:13,51
DA:24,3
LF:6
LH:6
BRF:0
BRH:0
end_of_record
TN:
SF:src/shared/table/Table.tsx
FN:4,Table
FN:14,(anonymous_2)
FN:25,(anonymous_3)
FN:33,(anonymous_4)
FN:45,(anonymous_5)
FN:49,(anonymous_6)
FN:62,(anonymous_7)
FNF:7
FNH:7
FNDA:8,Table
FNDA:16,(anonymous_2)
FNDA:34,(anonymous_3)
FNDA:12,(anonymous_4)
FNDA:14,(anonymous_5)
FNDA:28,(anonymous_6)
FNDA:6,(anonymous_7)
DA:1,3
DA:12,8
DA:13,8
DA:14,16
DA:16,8
DA:17,2
DA:20,6
DA:21,6
DA:25,6
DA:26,34
DA:28,6
DA:34,12
DA:46,14
DA:50,28
DA:63,6
DA:64,6
DA:82,3
LF:17
LH:17
BRDA:12,0,0,8
BRDA:12,1,0,8
BRDA:12,1,1,8
BRDA:16,2,0,2
BRDA:21,3,0,2
BRDA:21,3,1,4
BRDA:21,4,0,6
BRDA:21,4,1,6
BRDA:26,5,0,13
BRDA:26,5,1,21
BRDA:26,6,0,34
BRDA:26,6,1,20
BRDA:26,6,2,13
BRDA:30,7,0,6
BRDA:30,7,1,6
BRDA:43,8,0,6
BRDA:43,8,1,6
BRDA:60,9,0,6
BRDA:60,9,1,4
BRF:19
BRH:19
end_of_record
TN:
SF:src/store/tax-calculation/tax-calculation.ts
FN:49,taxCalculationReducer
FN:82,(anonymous_1)
FN:83,(anonymous_2)
FN:84,(anonymous_3)
FN:85,(anonymous_4)
FN:86,(anonymous_5)
FN:87,(anonymous_6)
FN:89,(anonymous_7)
FN:90,(anonymous_8)
FNF:9
FNH:9
FNDA:7,taxCalculationReducer
FNDA:19,(anonymous_1)
FNDA:24,(anonymous_2)
FNDA:15,(anonymous_3)
FNDA:35,(anonymous_4)
FNDA:10,(anonymous_5)
FNDA:15,(anonymous_6)
FNDA:19,(anonymous_7)
FNDA:6,(anonymous_8)
DA:42,5
DA:49,5
DA:53,7
DA:55,1
DA:57,1
DA:59,1
DA:69,1
DA:71,1
DA:73,1
DA:75,1
DA:77,0
DA:82,19
DA:83,24
DA:84,15
DA:85,35
DA:86,10
DA:87,15
DA:89,19
DA:90,6
LF:19
LH:18
BRDA:53,0,0,1
BRDA:53,0,1,1
BRDA:53,0,2,1
BRDA:53,0,3,1
BRDA:53,0,4,1
BRDA:53,0,5,1
BRDA:53,0,6,1
BRDA:53,0,7,0
BRDA:64,1,0,1
BRDA:64,1,1,1
BRF:10
BRH:9
end_of_record
TN:
SF:src/utils/assertions.ts
FN:1,isNumber
FNF:1
FNH:1
FNDA:45,isNumber
DA:1,3
DA:2,45
LF:2
LH:2
BRDA:2,0,0,45
BRDA:2,0,1,35
BRF:2
BRH:2
end_of_record
