TN:
SF:src/App.tsx
FN:5,App
FNF:1
FNH:1
FNDA:2,App
DA:1,1
DA:2,1
DA:3,1
DA:6,2
DA:14,1
LF:5
LH:5
BRF:0
BRH:0
end_of_record
TN:
SF:src/components/tax-calculation-effect/TaxCalculationEffect.tsx
FN:11,TaxCalculationEffect
FN:20,(anonymous_1)
FNF:2
FNH:2
FNDA:5,TaxCalculationEffect
FNDA:5,(anonymous_1)
DA:1,2
DA:2,2
DA:3,2
DA:4,2
DA:13,5
DA:14,5
DA:15,5
DA:16,5
DA:17,5
DA:20,5
DA:21,5
DA:22,2
DA:23,1
DA:24,1
DA:25,1
DA:30,5
DA:33,2
LF:17
LH:17
BRDA:21,0,0,2
BRDA:22,1,0,1
BRDA:22,1,1,1
BRDA:24,2,0,1
BRF:4
BRH:4
end_of_record
TN:
SF:src/components/tax-calculation-form/TaxCalculationForm.tsx
FN:15,TaxCalculationForm
FN:31,(anonymous_2)
FN:37,(anonymous_3)
FN:42,(anonymous_4)
FN:48,(anonymous_5)
FNF:5
FNH:5
FNDA:9,TaxCalculationForm
FNDA:1,(anonymous_2)
FNDA:1,(anonymous_3)
FNDA:5,(anonymous_4)
FNDA:1,(anonymous_5)
DA:2,2
DA:3,2
DA:5,2
DA:6,2
DA:7,2
DA:8,2
DA:13,2
DA:17,9
DA:18,9
DA:19,9
DA:20,9
DA:23,9
DA:26,9
DA:31,1
DA:37,1
DA:42,9
DA:43,5
DA:44,5
DA:48,9
DA:49,1
DA:50,1
DA:53,9
DA:80,2
LF:23
LH:23
BRDA:30,0,0,9
BRDA:30,0,1,9
BRDA:44,1,0,1
BRDA:44,1,1,4
BRDA:60,2,0,6
BRDA:60,2,1,3
BRF:6
BRH:6
end_of_record
TN:
SF:src/components/tax-calculation-table/TaxCalculationTable.tsx
FN:19,TaxCalculationTable
FN:35,(anonymous_2)
FN:38,(anonymous_3)
FN:55,(anonymous_4)
FN:58,(anonymous_5)
FN:72,(anonymous_6)
FN:75,(anonymous_7)
FN:76,(anonymous_8)
FN:79,(anonymous_9)
FN:86,(anonymous_10)
FNF:10
FNH:8
FNDA:9,TaxCalculationTable
FNDA:9,(anonymous_2)
FNDA:18,(anonymous_3)
FNDA:9,(anonymous_4)
FNDA:15,(anonymous_5)
FNDA:9,(anonymous_6)
FNDA:0,(anonymous_7)
FNDA:0,(anonymous_8)
FNDA:1,(anonymous_9)
FNDA:9,(anonymous_10)
DA:1,2
DA:2,2
DA:3,2
DA:5,2
DA:6,2
DA:7,2
DA:8,2
DA:17,2
DA:21,9
DA:22,9
DA:23,9
DA:24,9
DA:25,9
DA:26,9
DA:27,9
DA:28,9
DA:29,9
DA:32,9
DA:35,9
DA:36,9
DA:38,6
DA:39,18
DA:42,15
DA:47,15
DA:48,15
DA:50,15
DA:55,9
DA:56,9
DA:58,5
DA:59,15
DA:60,15
DA:63,5
DA:65,5
DA:72,9
DA:73,9
DA:75,1
DA:76,0
DA:79,1
DA:82,9
DA:87,9
DA:89,3
DA:95,1
DA:101,4
DA:115,1
DA:130,2
LF:45
LH:44
BRDA:36,0,0,3
BRDA:39,1,0,3
BRDA:39,2,0,18
BRDA:39,2,1,15
BRDA:42,3,0,10
BRDA:42,3,1,5
BRDA:47,4,0,10
BRDA:47,4,1,5
BRDA:56,5,0,4
BRDA:56,6,0,9
BRDA:56,6,1,6
BRDA:73,7,0,8
BRDA:76,8,0,0
BRDA:76,8,1,0
BRDA:87,9,0,3
BRDA:87,9,1,1
BRDA:87,9,2,4
BRDA:87,9,3,1
BRDA:101,10,0,2
BRDA:101,10,1,2
BRF:20
BRH:18
end_of_record
TN:
SF:src/contexts/tax-brackets/TaxBrackets.context.ts
FNF:0
FNH:0
DA:1,4
DA:5,4
LF:2
LH:2
BRF:0
BRH:0
end_of_record
TN:
SF:src/contexts/tax-brackets/TaxBrackets.provider.tsx
FN:9,TaxBracketsProvider
FN:15,(anonymous_1)
FNF:2
FNH:2
FNDA:2,TaxBracketsProvider
FNDA:2,(anonymous_1)
DA:1,1
DA:2,1
DA:4,1
DA:11,2
DA:14,2
DA:15,2
DA:19,2
DA:22,1
LF:8
LH:8
BRF:0
BRH:0
end_of_record
TN:
SF:src/hooks/use-tax-brackets-context.ts
FN:6,useTaxBracketsContext
FNF:1
FNH:1
FNDA:6,useTaxBracketsContext
DA:1,4
DA:2,4
DA:6,4
DA:7,6
DA:8,6
DA:9,0
DA:12,6
LF:7
LH:6
BRDA:8,0,0,0
BRF:1
BRH:0
end_of_record
TN:
SF:src/layouts/tax-calculator/TaxCalculator.tsx
FN:6,TaxCalculatorLayout
FNF:1
FNH:1
FNDA:2,TaxCalculatorLayout
DA:1,1
DA:3,1
DA:4,1
DA:6,2
DA:8,2
DA:10,2
DA:24,1
LF:7
LH:7
BRF:0
BRH:0
end_of_record
TN:
SF:src/services/tax-brackets/tax-brackets.ts
FN:6,getTaxBrackets
FNF:1
FNH:1
FNDA:3,getTaxBrackets
DA:6,3
DA:10,3
DA:12,3
DA:18,3
DA:21,2
DA:22,1
DA:28,2
DA:29,2
LF:8
LH:8
BRDA:18,0,0,1
BRDA:24,1,0,1
BRDA:24,1,1,0
BRDA:28,2,0,2
BRDA:28,2,1,0
BRF:5
BRH:3
end_of_record
TN:
SF:src/shared/button/Button.tsx
FN:4,Button
FNF:1
FNH:1
FNDA:28,Button
DA:1,5
DA:4,28
DA:6,28
DA:8,28
DA:24,5
LF:5
LH:5
BRDA:6,0,0,28
BRDA:6,0,1,18
BRDA:12,1,0,10
BRDA:12,1,1,18
BRDA:12,2,0,28
BRDA:12,2,1,28
BRDA:13,3,0,28
BRDA:13,3,1,4
BRF:8
BRH:8
end_of_record
TN:
SF:src/shared/card/Card.tsx
FN:5,Card
FN:23,(anonymous_3)
FNF:2
FNH:2
FNDA:24,Card
FNDA:22,(anonymous_3)
DA:1,4
DA:3,4
DA:5,24
DA:7,24
DA:8,24
DA:13,24
DA:24,22
DA:35,4
LF:8
LH:8
BRDA:10,0,0,24
BRDA:10,0,1,14
BRDA:17,1,0,24
BRDA:17,1,1,1
BRDA:21,2,0,24
BRDA:21,2,1,12
BRF:6
BRH:6
end_of_record
TN:
SF:src/shared/input/Input.tsx
FN:5,Input
FN:11,(anonymous_3)
FNF:2
FNH:2
FNDA:15,Input
FNDA:11,(anonymous_3)
DA:2,3
DA:5,15
DA:7,15
DA:8,15
DA:11,15
DA:12,11
DA:13,11
DA:16,15
DA:29,3
LF:9
LH:9
BRDA:12,0,0,6
BRDA:12,1,0,11
BRDA:12,1,1,10
BRDA:13,2,0,6
BRDA:13,2,1,5
BRDA:13,3,0,11
BRDA:13,3,1,11
BRDA:18,4,0,15
BRDA:18,4,1,10
BRF:9
BRH:9
end_of_record
TN:
SF:src/shared/select/Select.tsx
FN:4,Select
FN:13,(anonymous_3)
FNF:2
FNH:2
FNDA:14,Select
FNDA:51,(anonymous_3)
DA:1,3
DA:4,14
DA:6,14
DA:8,14
DA:14,51
DA:25,3
LF:6
LH:6
BRF:0
BRH:0
end_of_record
TN:
SF:src/shared/table/Table.tsx
FN:5,Table
FN:16,(anonymous_2)
FN:29,(anonymous_3)
FN:37,(anonymous_4)
FN:49,(anonymous_5)
FN:53,(anonymous_6)
FN:66,(anonymous_7)
FNF:7
FNH:7
FNDA:8,Table
FNDA:16,(anonymous_2)
FNDA:34,(anonymous_3)
FNDA:12,(anonymous_4)
FNDA:14,(anonymous_5)
FNDA:28,(anonymous_6)
FNDA:6,(anonymous_7)
DA:1,3
DA:3,3
DA:14,8
DA:15,8
DA:16,16
DA:18,8
DA:19,2
DA:23,6
DA:24,6
DA:29,6
DA:30,34
DA:32,6
DA:38,12
DA:50,14
DA:54,28
DA:67,6
DA:68,6
DA:86,3
LF:18
LH:18
BRDA:14,0,0,8
BRDA:14,1,0,8
BRDA:14,1,1,8
BRDA:18,2,0,2
BRDA:24,3,0,2
BRDA:24,3,1,4
BRDA:24,4,0,6
BRDA:24,4,1,6
BRDA:30,5,0,13
BRDA:30,5,1,21
BRDA:30,6,0,34
BRDA:30,6,1,20
BRDA:30,6,2,13
BRDA:34,7,0,6
BRDA:34,7,1,6
BRDA:47,8,0,6
BRDA:47,8,1,6
BRDA:64,9,0,6
BRDA:64,9,1,4
BRF:19
BRH:19
end_of_record
TN:
SF:src/store/tax-calculation/tax-calculation.ts
FN:54,taxCalculationReducer
FN:87,(anonymous_1)
FN:88,(anonymous_2)
FN:89,(anonymous_3)
FN:90,(anonymous_4)
FN:91,(anonymous_5)
FN:92,(anonymous_6)
FN:94,(anonymous_7)
FN:95,(anonymous_8)
FNF:9
FNH:9
FNDA:7,taxCalculationReducer
FNDA:19,(anonymous_1)
FNDA:24,(anonymous_2)
FNDA:15,(anonymous_3)
FNDA:35,(anonymous_4)
FNDA:10,(anonymous_5)
FNDA:15,(anonymous_6)
FNDA:19,(anonymous_7)
FNDA:6,(anonymous_8)
DA:46,5
DA:54,5
DA:58,7
DA:60,1
DA:62,1
DA:64,1
DA:74,1
DA:76,1
DA:78,1
DA:80,1
DA:82,0
DA:87,19
DA:88,24
DA:89,15
DA:90,35
DA:91,10
DA:92,15
DA:94,19
DA:95,6
LF:19
LH:18
BRDA:58,0,0,1
BRDA:58,0,1,1
BRDA:58,0,2,1
BRDA:58,0,3,1
BRDA:58,0,4,1
BRDA:58,0,5,1
BRDA:58,0,6,1
BRDA:58,0,7,0
BRDA:69,1,0,1
BRDA:69,1,1,1
BRF:10
BRH:9
end_of_record
TN:
SF:src/utils/number.ts
FN:2,isNumber
FN:7,formatNumber
FNF:2
FNH:2
FNDA:79,isNumber
FNDA:38,formatNumber
DA:2,4
DA:3,79
DA:7,4
DA:12,38
LF:4
LH:4
BRDA:3,0,0,79
BRDA:3,0,1,55
BRF:2
BRH:2
end_of_record
